{"/home/atiya-inayat/Desktop/MyProjects/full-stack-projects/mentora/backend/src/controllers/authController.js": {"path":"/home/atiya-inayat/Desktop/MyProjects/full-stack-projects/mentora/backend/src/controllers/authController.js","statementMap":{"0":{"start":{"line":8,"column":19},"end":{"line":8,"column":41}},"1":{"start":{"line":9,"column":27},"end":{"line":9,"column":83}},"2":{"start":{"line":11,"column":0},"end":{"line":14,"column":1}},"3":{"start":{"line":12,"column":2},"end":{"line":12,"column":77}},"4":{"start":{"line":13,"column":2},"end":{"line":13,"column":18}},"5":{"start":{"line":16,"column":0},"end":{"line":18,"column":1}},"6":{"start":{"line":17,"column":2},"end":{"line":17,"column":117}},"7":{"start":{"line":20,"column":28},"end":{"line":20,"column":35}},"8":{"start":{"line":21,"column":29},"end":{"line":21,"column":45}},"9":{"start":{"line":23,"column":18},"end":{"line":25,"column":1}},"10":{"start":{"line":24,"column":2},"end":{"line":24,"column":65}},"11":{"start":{"line":27,"column":25},"end":{"line":33,"column":2}},"12":{"start":{"line":27,"column":38},"end":{"line":33,"column":1}},"13":{"start":{"line":35,"column":28},"end":{"line":37,"column":1}},"14":{"start":{"line":36,"column":2},"end":{"line":36,"column":29}},"15":{"start":{"line":39,"column":23},"end":{"line":65,"column":1}},"16":{"start":{"line":40,"column":17},"end":{"line":40,"column":53}},"17":{"start":{"line":42,"column":24},"end":{"line":47,"column":3}},"18":{"start":{"line":49,"column":25},"end":{"line":54,"column":3}},"19":{"start":{"line":56,"column":22},"end":{"line":58,"column":4}},"20":{"start":{"line":60,"column":23},"end":{"line":62,"column":4}},"21":{"start":{"line":64,"column":2},"end":{"line":64,"column":60}},"22":{"start":{"line":67,"column":25},"end":{"line":78,"column":1}},"23":{"start":{"line":68,"column":22},"end":{"line":68,"column":38}},"24":{"start":{"line":70,"column":2},"end":{"line":77,"column":5}},"25":{"start":{"line":80,"column":27},"end":{"line":92,"column":1}},"26":{"start":{"line":81,"column":2},"end":{"line":91,"column":3}},"27":{"start":{"line":82,"column":20},"end":{"line":82,"column":57}},"28":{"start":{"line":84,"column":4},"end":{"line":86,"column":5}},"29":{"start":{"line":85,"column":6},"end":{"line":85,"column":18}},"30":{"start":{"line":88,"column":4},"end":{"line":88,"column":19}},"31":{"start":{"line":90,"column":4},"end":{"line":90,"column":16}},"32":{"start":{"line":94,"column":27},"end":{"line":117,"column":1}},"33":{"start":{"line":95,"column":18},"end":{"line":95,"column":46}},"34":{"start":{"line":96,"column":2},"end":{"line":98,"column":3}},"35":{"start":{"line":97,"column":4},"end":{"line":97,"column":45}},"36":{"start":{"line":100,"column":25},"end":{"line":100,"column":44}},"37":{"start":{"line":102,"column":23},"end":{"line":106,"column":3}},"38":{"start":{"line":108,"column":2},"end":{"line":110,"column":3}},"39":{"start":{"line":109,"column":4},"end":{"line":109,"column":45}},"40":{"start":{"line":112,"column":53},"end":{"line":112,"column":89}},"41":{"start":{"line":114,"column":2},"end":{"line":114,"column":73}},"42":{"start":{"line":116,"column":2},"end":{"line":116,"column":52}},"43":{"start":{"line":119,"column":28},"end":{"line":127,"column":1}},"44":{"start":{"line":120,"column":16},"end":{"line":120,"column":63}},"45":{"start":{"line":122,"column":2},"end":{"line":124,"column":3}},"46":{"start":{"line":123,"column":4},"end":{"line":123,"column":36}},"47":{"start":{"line":126,"column":2},"end":{"line":126,"column":83}},"48":{"start":{"line":129,"column":25},"end":{"line":133,"column":1}},"49":{"start":{"line":130,"column":19},"end":{"line":130,"column":97}},"50":{"start":{"line":131,"column":2},"end":{"line":131,"column":102}},"51":{"start":{"line":132,"column":2},"end":{"line":132,"column":103}},"52":{"start":{"line":135,"column":24},"end":{"line":199,"column":1}},"53":{"start":{"line":136,"column":2},"end":{"line":198,"column":3}},"54":{"start":{"line":137,"column":44},"end":{"line":137,"column":52}},"55":{"start":{"line":139,"column":4},"end":{"line":145,"column":5}},"56":{"start":{"line":140,"column":6},"end":{"line":144,"column":9}},"57":{"start":{"line":147,"column":28},"end":{"line":147,"column":54}},"58":{"start":{"line":149,"column":26},"end":{"line":149,"column":60}},"59":{"start":{"line":150,"column":4},"end":{"line":156,"column":5}},"60":{"start":{"line":151,"column":6},"end":{"line":155,"column":9}},"61":{"start":{"line":158,"column":25},"end":{"line":158,"column":71}},"62":{"start":{"line":159,"column":4},"end":{"line":165,"column":5}},"63":{"start":{"line":160,"column":6},"end":{"line":164,"column":9}},"64":{"start":{"line":167,"column":20},"end":{"line":167,"column":87}},"65":{"start":{"line":169,"column":55},"end":{"line":169,"column":78}},"66":{"start":{"line":171,"column":4},"end":{"line":177,"column":6}},"67":{"start":{"line":179,"column":4},"end":{"line":179,"column":82}},"68":{"start":{"line":180,"column":4},"end":{"line":180,"column":85}},"69":{"start":{"line":182,"column":4},"end":{"line":190,"column":7}},"70":{"start":{"line":192,"column":4},"end":{"line":192,"column":44}},"71":{"start":{"line":193,"column":4},"end":{"line":197,"column":7}},"72":{"start":{"line":201,"column":21},"end":{"line":278,"column":1}},"73":{"start":{"line":202,"column":2},"end":{"line":277,"column":3}},"74":{"start":{"line":203,"column":32},"end":{"line":203,"column":40}},"75":{"start":{"line":205,"column":4},"end":{"line":211,"column":5}},"76":{"start":{"line":206,"column":6},"end":{"line":210,"column":9}},"77":{"start":{"line":213,"column":28},"end":{"line":213,"column":54}},"78":{"start":{"line":215,"column":17},"end":{"line":215,"column":63}},"79":{"start":{"line":217,"column":22},"end":{"line":217,"column":84}},"80":{"start":{"line":219,"column":18},"end":{"line":219,"column":23}},"81":{"start":{"line":220,"column":4},"end":{"line":227,"column":5}},"82":{"start":{"line":221,"column":6},"end":{"line":221,"column":53}},"83":{"start":{"line":223,"column":6},"end":{"line":226,"column":7}},"84":{"start":{"line":224,"column":8},"end":{"line":224,"column":50}},"85":{"start":{"line":229,"column":4},"end":{"line":235,"column":5}},"86":{"start":{"line":230,"column":6},"end":{"line":234,"column":9}},"87":{"start":{"line":237,"column":4},"end":{"line":246,"column":5}},"88":{"start":{"line":238,"column":6},"end":{"line":238,"column":53}},"89":{"start":{"line":239,"column":6},"end":{"line":239,"column":28}},"90":{"start":{"line":241,"column":6},"end":{"line":245,"column":9}},"91":{"start":{"line":248,"column":55},"end":{"line":248,"column":75}},"92":{"start":{"line":250,"column":4},"end":{"line":256,"column":6}},"93":{"start":{"line":258,"column":4},"end":{"line":258,"column":82}},"94":{"start":{"line":259,"column":4},"end":{"line":259,"column":85}},"95":{"start":{"line":261,"column":4},"end":{"line":269,"column":7}},"96":{"start":{"line":271,"column":4},"end":{"line":271,"column":41}},"97":{"start":{"line":272,"column":4},"end":{"line":276,"column":7}},"98":{"start":{"line":280,"column":22},"end":{"line":307,"column":1}},"99":{"start":{"line":281,"column":2},"end":{"line":306,"column":3}},"100":{"start":{"line":282,"column":30},"end":{"line":282,"column":54}},"101":{"start":{"line":284,"column":4},"end":{"line":290,"column":5}},"102":{"start":{"line":285,"column":26},"end":{"line":285,"column":54}},"103":{"start":{"line":286,"column":6},"end":{"line":289,"column":8}},"104":{"start":{"line":292,"column":4},"end":{"line":292,"column":26}},"105":{"start":{"line":294,"column":4},"end":{"line":298,"column":7}},"106":{"start":{"line":300,"column":4},"end":{"line":300,"column":42}},"107":{"start":{"line":301,"column":4},"end":{"line":305,"column":7}},"108":{"start":{"line":309,"column":28},"end":{"line":401,"column":1}},"109":{"start":{"line":310,"column":2},"end":{"line":400,"column":3}},"110":{"start":{"line":311,"column":30},"end":{"line":311,"column":54}},"111":{"start":{"line":313,"column":4},"end":{"line":319,"column":5}},"112":{"start":{"line":314,"column":6},"end":{"line":318,"column":9}},"113":{"start":{"line":321,"column":20},"end":{"line":321,"column":57}},"114":{"start":{"line":322,"column":4},"end":{"line":328,"column":5}},"115":{"start":{"line":323,"column":6},"end":{"line":327,"column":9}},"116":{"start":{"line":330,"column":24},"end":{"line":330,"column":52}},"117":{"start":{"line":331,"column":24},"end":{"line":331,"column":74}},"118":{"start":{"line":333,"column":4},"end":{"line":345,"column":5}},"119":{"start":{"line":334,"column":6},"end":{"line":336,"column":7}},"120":{"start":{"line":335,"column":8},"end":{"line":335,"column":63}},"121":{"start":{"line":338,"column":6},"end":{"line":338,"column":28}},"122":{"start":{"line":340,"column":6},"end":{"line":344,"column":9}},"123":{"start":{"line":347,"column":17},"end":{"line":347,"column":49}},"124":{"start":{"line":349,"column":4},"end":{"line":357,"column":5}},"125":{"start":{"line":350,"column":6},"end":{"line":350,"column":28}},"126":{"start":{"line":352,"column":6},"end":{"line":356,"column":9}},"127":{"start":{"line":359,"column":4},"end":{"line":368,"column":5}},"128":{"start":{"line":360,"column":6},"end":{"line":360,"column":53}},"129":{"start":{"line":361,"column":6},"end":{"line":361,"column":28}},"130":{"start":{"line":363,"column":6},"end":{"line":367,"column":9}},"131":{"start":{"line":370,"column":59},"end":{"line":373,"column":5}},"132":{"start":{"line":375,"column":4},"end":{"line":375,"column":82}},"133":{"start":{"line":376,"column":4},"end":{"line":376,"column":88}},"134":{"start":{"line":378,"column":4},"end":{"line":382,"column":7}},"135":{"start":{"line":384,"column":4},"end":{"line":392,"column":5}},"136":{"start":{"line":385,"column":6},"end":{"line":385,"column":28}},"137":{"start":{"line":387,"column":6},"end":{"line":391,"column":9}},"138":{"start":{"line":394,"column":4},"end":{"line":394,"column":49}},"139":{"start":{"line":395,"column":4},"end":{"line":399,"column":7}},"140":{"start":{"line":403,"column":21},"end":{"line":469,"column":1}},"141":{"start":{"line":404,"column":2},"end":{"line":468,"column":3}},"142":{"start":{"line":405,"column":24},"end":{"line":405,"column":47}},"143":{"start":{"line":407,"column":4},"end":{"line":413,"column":5}},"144":{"start":{"line":408,"column":6},"end":{"line":412,"column":9}},"145":{"start":{"line":416,"column":4},"end":{"line":424,"column":5}},"146":{"start":{"line":417,"column":6},"end":{"line":417,"column":52}},"147":{"start":{"line":419,"column":6},"end":{"line":423,"column":9}},"148":{"start":{"line":426,"column":4},"end":{"line":432,"column":5}},"149":{"start":{"line":427,"column":6},"end":{"line":431,"column":9}},"150":{"start":{"line":434,"column":17},"end":{"line":434,"column":69}},"151":{"start":{"line":436,"column":4},"end":{"line":442,"column":5}},"152":{"start":{"line":437,"column":6},"end":{"line":441,"column":9}},"153":{"start":{"line":444,"column":4},"end":{"line":450,"column":5}},"154":{"start":{"line":445,"column":6},"end":{"line":449,"column":9}},"155":{"start":{"line":452,"column":4},"end":{"line":460,"column":7}},"156":{"start":{"line":462,"column":4},"end":{"line":462,"column":41}},"157":{"start":{"line":463,"column":4},"end":{"line":467,"column":7}},"158":{"start":{"line":471,"column":27},"end":{"line":502,"column":1}},"159":{"start":{"line":472,"column":2},"end":{"line":501,"column":3}},"160":{"start":{"line":473,"column":19},"end":{"line":473,"column":42}},"161":{"start":{"line":475,"column":19},"end":{"line":482,"column":16}},"162":{"start":{"line":484,"column":4},"end":{"line":493,"column":7}},"163":{"start":{"line":486,"column":35},"end":{"line":492,"column":7}},"164":{"start":{"line":495,"column":4},"end":{"line":495,"column":48}},"165":{"start":{"line":496,"column":4},"end":{"line":500,"column":7}},"166":{"start":{"line":504,"column":33},"end":{"line":525,"column":1}},"167":{"start":{"line":505,"column":2},"end":{"line":524,"column":3}},"168":{"start":{"line":506,"column":19},"end":{"line":506,"column":42}},"169":{"start":{"line":508,"column":4},"end":{"line":508,"column":38}},"170":{"start":{"line":510,"column":4},"end":{"line":510,"column":26}},"171":{"start":{"line":512,"column":4},"end":{"line":516,"column":7}},"172":{"start":{"line":518,"column":4},"end":{"line":518,"column":51}},"173":{"start":{"line":519,"column":4},"end":{"line":523,"column":7}}},"fnMap":{"0":{"name":"(anonymous_0)","decl":{"start":{"line":23,"column":18},"end":{"line":23,"column":19}},"loc":{"start":{"line":23,"column":29},"end":{"line":25,"column":1}},"line":23},"1":{"name":"(anonymous_1)","decl":{"start":{"line":27,"column":25},"end":{"line":27,"column":26}},"loc":{"start":{"line":27,"column":38},"end":{"line":33,"column":1}},"line":27},"2":{"name":"(anonymous_2)","decl":{"start":{"line":35,"column":28},"end":{"line":35,"column":29}},"loc":{"start":{"line":35,"column":34},"end":{"line":37,"column":1}},"line":35},"3":{"name":"(anonymous_3)","decl":{"start":{"line":39,"column":23},"end":{"line":39,"column":24}},"loc":{"start":{"line":39,"column":53},"end":{"line":65,"column":1}},"line":39},"4":{"name":"(anonymous_4)","decl":{"start":{"line":67,"column":25},"end":{"line":67,"column":26}},"loc":{"start":{"line":67,"column":85},"end":{"line":78,"column":1}},"line":67},"5":{"name":"(anonymous_5)","decl":{"start":{"line":80,"column":27},"end":{"line":80,"column":28}},"loc":{"start":{"line":80,"column":38},"end":{"line":92,"column":1}},"line":80},"6":{"name":"(anonymous_6)","decl":{"start":{"line":94,"column":27},"end":{"line":94,"column":28}},"loc":{"start":{"line":94,"column":53},"end":{"line":117,"column":1}},"line":94},"7":{"name":"(anonymous_7)","decl":{"start":{"line":119,"column":28},"end":{"line":119,"column":29}},"loc":{"start":{"line":119,"column":66},"end":{"line":127,"column":1}},"line":119},"8":{"name":"(anonymous_8)","decl":{"start":{"line":129,"column":25},"end":{"line":129,"column":26}},"loc":{"start":{"line":129,"column":34},"end":{"line":133,"column":1}},"line":129},"9":{"name":"(anonymous_9)","decl":{"start":{"line":135,"column":24},"end":{"line":135,"column":25}},"loc":{"start":{"line":135,"column":50},"end":{"line":199,"column":1}},"line":135},"10":{"name":"(anonymous_10)","decl":{"start":{"line":201,"column":21},"end":{"line":201,"column":22}},"loc":{"start":{"line":201,"column":47},"end":{"line":278,"column":1}},"line":201},"11":{"name":"(anonymous_11)","decl":{"start":{"line":280,"column":22},"end":{"line":280,"column":23}},"loc":{"start":{"line":280,"column":48},"end":{"line":307,"column":1}},"line":280},"12":{"name":"(anonymous_12)","decl":{"start":{"line":309,"column":28},"end":{"line":309,"column":29}},"loc":{"start":{"line":309,"column":54},"end":{"line":401,"column":1}},"line":309},"13":{"name":"(anonymous_13)","decl":{"start":{"line":403,"column":21},"end":{"line":403,"column":22}},"loc":{"start":{"line":403,"column":47},"end":{"line":469,"column":1}},"line":403},"14":{"name":"(anonymous_14)","decl":{"start":{"line":471,"column":27},"end":{"line":471,"column":28}},"loc":{"start":{"line":471,"column":53},"end":{"line":502,"column":1}},"line":471},"15":{"name":"(anonymous_15)","decl":{"start":{"line":486,"column":27},"end":{"line":486,"column":28}},"loc":{"start":{"line":486,"column":35},"end":{"line":492,"column":7}},"line":486},"16":{"name":"(anonymous_16)","decl":{"start":{"line":504,"column":33},"end":{"line":504,"column":34}},"loc":{"start":{"line":504,"column":59},"end":{"line":525,"column":1}},"line":504}},"branchMap":{"0":{"loc":{"start":{"line":9,"column":27},"end":{"line":9,"column":83}},"type":"binary-expr","locations":[{"start":{"line":9,"column":27},"end":{"line":9,"column":57}},{"start":{"line":9,"column":61},"end":{"line":9,"column":83}}],"line":9},"1":{"loc":{"start":{"line":11,"column":0},"end":{"line":14,"column":1}},"type":"if","locations":[{"start":{"line":11,"column":0},"end":{"line":14,"column":1}},{"start":{},"end":{}}],"line":11},"2":{"loc":{"start":{"line":16,"column":0},"end":{"line":18,"column":1}},"type":"if","locations":[{"start":{"line":16,"column":0},"end":{"line":18,"column":1}},{"start":{},"end":{}}],"line":16},"3":{"loc":{"start":{"line":29,"column":10},"end":{"line":29,"column":88}},"type":"binary-expr","locations":[{"start":{"line":29,"column":10},"end":{"line":29,"column":47}},{"start":{"line":29,"column":51},"end":{"line":29,"column":88}}],"line":29},"4":{"loc":{"start":{"line":39,"column":30},"end":{"line":39,"column":48}},"type":"default-arg","locations":[{"start":{"line":39,"column":44},"end":{"line":39,"column":48}}],"line":39},"5":{"loc":{"start":{"line":40,"column":17},"end":{"line":40,"column":53}},"type":"binary-expr","locations":[{"start":{"line":40,"column":17},"end":{"line":40,"column":28}},{"start":{"line":40,"column":32},"end":{"line":40,"column":53}}],"line":40},"6":{"loc":{"start":{"line":84,"column":4},"end":{"line":86,"column":5}},"type":"if","locations":[{"start":{"line":84,"column":4},"end":{"line":86,"column":5}},{"start":{},"end":{}}],"line":84},"7":{"loc":{"start":{"line":96,"column":2},"end":{"line":98,"column":3}},"type":"if","locations":[{"start":{"line":96,"column":2},"end":{"line":98,"column":3}},{"start":{},"end":{}}],"line":96},"8":{"loc":{"start":{"line":108,"column":2},"end":{"line":110,"column":3}},"type":"if","locations":[{"start":{"line":108,"column":2},"end":{"line":110,"column":3}},{"start":{},"end":{}}],"line":108},"9":{"loc":{"start":{"line":119,"column":43},"end":{"line":119,"column":61}},"type":"default-arg","locations":[{"start":{"line":119,"column":57},"end":{"line":119,"column":61}}],"line":119},"10":{"loc":{"start":{"line":122,"column":2},"end":{"line":124,"column":3}},"type":"if","locations":[{"start":{"line":122,"column":2},"end":{"line":124,"column":3}},{"start":{},"end":{}}],"line":122},"11":{"loc":{"start":{"line":130,"column":19},"end":{"line":130,"column":97}},"type":"binary-expr","locations":[{"start":{"line":130,"column":19},"end":{"line":130,"column":56}},{"start":{"line":130,"column":60},"end":{"line":130,"column":97}}],"line":130},"12":{"loc":{"start":{"line":139,"column":4},"end":{"line":145,"column":5}},"type":"if","locations":[{"start":{"line":139,"column":4},"end":{"line":145,"column":5}},{"start":{},"end":{}}],"line":139},"13":{"loc":{"start":{"line":139,"column":8},"end":{"line":139,"column":36}},"type":"binary-expr","locations":[{"start":{"line":139,"column":8},"end":{"line":139,"column":13}},{"start":{"line":139,"column":17},"end":{"line":139,"column":23}},{"start":{"line":139,"column":27},"end":{"line":139,"column":36}}],"line":139},"14":{"loc":{"start":{"line":150,"column":4},"end":{"line":156,"column":5}},"type":"if","locations":[{"start":{"line":150,"column":4},"end":{"line":156,"column":5}},{"start":{},"end":{}}],"line":150},"15":{"loc":{"start":{"line":159,"column":4},"end":{"line":165,"column":5}},"type":"if","locations":[{"start":{"line":159,"column":4},"end":{"line":165,"column":5}},{"start":{},"end":{}}],"line":159},"16":{"loc":{"start":{"line":205,"column":4},"end":{"line":211,"column":5}},"type":"if","locations":[{"start":{"line":205,"column":4},"end":{"line":211,"column":5}},{"start":{},"end":{}}],"line":205},"17":{"loc":{"start":{"line":205,"column":8},"end":{"line":205,"column":27}},"type":"binary-expr","locations":[{"start":{"line":205,"column":8},"end":{"line":205,"column":14}},{"start":{"line":205,"column":18},"end":{"line":205,"column":27}}],"line":205},"18":{"loc":{"start":{"line":220,"column":4},"end":{"line":227,"column":5}},"type":"if","locations":[{"start":{"line":220,"column":4},"end":{"line":227,"column":5}},{"start":{"line":222,"column":11},"end":{"line":227,"column":5}}],"line":220},"19":{"loc":{"start":{"line":229,"column":4},"end":{"line":235,"column":5}},"type":"if","locations":[{"start":{"line":229,"column":4},"end":{"line":235,"column":5}},{"start":{},"end":{}}],"line":229},"20":{"loc":{"start":{"line":229,"column":8},"end":{"line":229,"column":25}},"type":"binary-expr","locations":[{"start":{"line":229,"column":8},"end":{"line":229,"column":13}},{"start":{"line":229,"column":17},"end":{"line":229,"column":25}}],"line":229},"21":{"loc":{"start":{"line":237,"column":4},"end":{"line":246,"column":5}},"type":"if","locations":[{"start":{"line":237,"column":4},"end":{"line":246,"column":5}},{"start":{},"end":{}}],"line":237},"22":{"loc":{"start":{"line":284,"column":4},"end":{"line":290,"column":5}},"type":"if","locations":[{"start":{"line":284,"column":4},"end":{"line":290,"column":5}},{"start":{},"end":{}}],"line":284},"23":{"loc":{"start":{"line":313,"column":4},"end":{"line":319,"column":5}},"type":"if","locations":[{"start":{"line":313,"column":4},"end":{"line":319,"column":5}},{"start":{},"end":{}}],"line":313},"24":{"loc":{"start":{"line":322,"column":4},"end":{"line":328,"column":5}},"type":"if","locations":[{"start":{"line":322,"column":4},"end":{"line":328,"column":5}},{"start":{},"end":{}}],"line":322},"25":{"loc":{"start":{"line":333,"column":4},"end":{"line":345,"column":5}},"type":"if","locations":[{"start":{"line":333,"column":4},"end":{"line":345,"column":5}},{"start":{},"end":{}}],"line":333},"26":{"loc":{"start":{"line":333,"column":8},"end":{"line":333,"column":45}},"type":"binary-expr","locations":[{"start":{"line":333,"column":8},"end":{"line":333,"column":20}},{"start":{"line":333,"column":24},"end":{"line":333,"column":45}}],"line":333},"27":{"loc":{"start":{"line":334,"column":6},"end":{"line":336,"column":7}},"type":"if","locations":[{"start":{"line":334,"column":6},"end":{"line":336,"column":7}},{"start":{},"end":{}}],"line":334},"28":{"loc":{"start":{"line":349,"column":4},"end":{"line":357,"column":5}},"type":"if","locations":[{"start":{"line":349,"column":4},"end":{"line":357,"column":5}},{"start":{},"end":{}}],"line":349},"29":{"loc":{"start":{"line":359,"column":4},"end":{"line":368,"column":5}},"type":"if","locations":[{"start":{"line":359,"column":4},"end":{"line":368,"column":5}},{"start":{},"end":{}}],"line":359},"30":{"loc":{"start":{"line":384,"column":4},"end":{"line":392,"column":5}},"type":"if","locations":[{"start":{"line":384,"column":4},"end":{"line":392,"column":5}},{"start":{},"end":{}}],"line":384},"31":{"loc":{"start":{"line":407,"column":4},"end":{"line":413,"column":5}},"type":"if","locations":[{"start":{"line":407,"column":4},"end":{"line":413,"column":5}},{"start":{},"end":{}}],"line":407},"32":{"loc":{"start":{"line":426,"column":4},"end":{"line":432,"column":5}},"type":"if","locations":[{"start":{"line":426,"column":4},"end":{"line":432,"column":5}},{"start":{},"end":{}}],"line":426},"33":{"loc":{"start":{"line":436,"column":4},"end":{"line":442,"column":5}},"type":"if","locations":[{"start":{"line":436,"column":4},"end":{"line":442,"column":5}},{"start":{},"end":{}}],"line":436},"34":{"loc":{"start":{"line":444,"column":4},"end":{"line":450,"column":5}},"type":"if","locations":[{"start":{"line":444,"column":4},"end":{"line":450,"column":5}},{"start":{},"end":{}}],"line":444}},"s":{"0":1,"1":1,"2":1,"3":0,"4":0,"5":1,"6":0,"7":1,"8":1,"9":1,"10":19,"11":1,"12":32,"13":1,"14":15,"15":1,"16":16,"17":16,"18":16,"19":16,"20":16,"21":16,"22":1,"23":16,"24":16,"25":1,"26":2,"27":2,"28":2,"29":0,"30":2,"31":0,"32":1,"33":1,"34":1,"35":0,"36":1,"37":1,"38":1,"39":0,"40":1,"41":1,"42":1,"43":1,"44":1,"45":1,"46":0,"47":1,"48":1,"49":3,"50":3,"51":3,"52":1,"53":18,"54":18,"55":18,"56":1,"57":17,"58":17,"59":17,"60":4,"61":13,"62":13,"63":1,"64":12,"65":12,"66":12,"67":12,"68":12,"69":12,"70":0,"71":0,"72":1,"73":7,"74":7,"75":7,"76":1,"77":6,"78":6,"79":6,"80":6,"81":6,"82":5,"83":1,"84":1,"85":6,"86":2,"87":4,"88":1,"89":1,"90":1,"91":3,"92":3,"93":3,"94":3,"95":3,"96":0,"97":0,"98":1,"99":2,"100":2,"101":2,"102":1,"103":1,"104":2,"105":2,"106":0,"107":0,"108":1,"109":2,"110":2,"111":2,"112":1,"113":1,"114":1,"115":0,"116":1,"117":1,"118":1,"119":0,"120":0,"121":0,"122":0,"123":1,"124":1,"125":0,"126":0,"127":1,"128":0,"129":0,"130":0,"131":1,"132":1,"133":1,"134":1,"135":0,"136":0,"137":0,"138":0,"139":0,"140":1,"141":0,"142":0,"143":0,"144":0,"145":0,"146":0,"147":0,"148":0,"149":0,"150":0,"151":0,"152":0,"153":0,"154":0,"155":0,"156":0,"157":0,"158":1,"159":0,"160":0,"161":0,"162":0,"163":0,"164":0,"165":0,"166":1,"167":0,"168":0,"169":0,"170":0,"171":0,"172":0,"173":0},"f":{"0":19,"1":32,"2":15,"3":16,"4":16,"5":2,"6":1,"7":1,"8":3,"9":18,"10":7,"11":2,"12":2,"13":0,"14":0,"15":0,"16":0},"b":{"0":[1,0],"1":[0,1],"2":[0,1],"3":[32,32],"4":[15],"5":[16,15],"6":[0,2],"7":[0,1],"8":[0,1],"9":[1],"10":[0,1],"11":[3,3],"12":[1,17],"13":[18,17,17],"14":[4,13],"15":[1,12],"16":[1,6],"17":[7,6],"18":[5,1],"19":[2,4],"20":[6,5],"21":[1,3],"22":[1,1],"23":[1,1],"24":[0,1],"25":[0,1],"26":[1,1],"27":[0,0],"28":[0,1],"29":[0,1],"30":[0,0],"31":[0,0],"32":[0,0],"33":[0,0],"34":[0,0]},"inputSourceMap":null,"_coverageSchema":"1a1c01bbd47fc00a2c39e90264f33305004495a9","hash":"955743989fe8c58d81666b73c3f7e1b35f39a988"}
,"/home/atiya-inayat/Desktop/MyProjects/full-stack-projects/mentora/backend/src/models/RefreshToken.js": {"path":"/home/atiya-inayat/Desktop/MyProjects/full-stack-projects/mentora/backend/src/models/RefreshToken.js","statementMap":{"0":{"start":{"line":3,"column":27},"end":{"line":56,"column":2}},"1":{"start":{"line":58,"column":0},"end":{"line":58,"column":68}},"2":{"start":{"line":59,"column":0},"end":{"line":59,"column":70}},"3":{"start":{"line":60,"column":0},"end":{"line":60,"column":43}},"4":{"start":{"line":62,"column":21},"end":{"line":62,"column":71}}},"fnMap":{},"branchMap":{},"s":{"0":1,"1":1,"2":1,"3":1,"4":1},"f":{},"b":{},"inputSourceMap":null,"_coverageSchema":"1a1c01bbd47fc00a2c39e90264f33305004495a9","hash":"b933cfdf4e6b3d44ae0d6d02fbda6fab8af41da3"}
,"/home/atiya-inayat/Desktop/MyProjects/full-stack-projects/mentora/backend/src/models/User.js": {"path":"/home/atiya-inayat/Desktop/MyProjects/full-stack-projects/mentora/backend/src/models/User.js","statementMap":{"0":{"start":{"line":4,"column":19},"end":{"line":33,"column":1}},"1":{"start":{"line":35,"column":0},"end":{"line":41,"column":3}},"2":{"start":{"line":36,"column":2},"end":{"line":38,"column":3}},"3":{"start":{"line":37,"column":4},"end":{"line":37,"column":11}},"4":{"start":{"line":40,"column":2},"end":{"line":40,"column":55}},"5":{"start":{"line":43,"column":0},"end":{"line":45,"column":2}},"6":{"start":{"line":44,"column":2},"end":{"line":44,"column":55}}},"fnMap":{"0":{"name":"(anonymous_0)","decl":{"start":{"line":35,"column":23},"end":{"line":35,"column":24}},"loc":{"start":{"line":35,"column":41},"end":{"line":41,"column":1}},"line":35},"1":{"name":"(anonymous_1)","decl":{"start":{"line":43,"column":37},"end":{"line":43,"column":38}},"loc":{"start":{"line":43,"column":63},"end":{"line":45,"column":1}},"line":43}},"branchMap":{"0":{"loc":{"start":{"line":36,"column":2},"end":{"line":38,"column":3}},"type":"if","locations":[{"start":{"line":36,"column":2},"end":{"line":38,"column":3}},{"start":{},"end":{}}],"line":36}},"s":{"0":1,"1":1,"2":13,"3":0,"4":13,"5":1,"6":5},"f":{"0":13,"1":5},"b":{"0":[0,13]},"inputSourceMap":null,"_coverageSchema":"1a1c01bbd47fc00a2c39e90264f33305004495a9","hash":"f4916e06850e502a468e3d8035adb9329530eacd"}
,"/home/atiya-inayat/Desktop/MyProjects/full-stack-projects/mentora/backend/src/utils/passwordValidator.js": {"path":"/home/atiya-inayat/Desktop/MyProjects/full-stack-projects/mentora/backend/src/utils/passwordValidator.js","statementMap":{"0":{"start":{"line":1,"column":33},"end":{"line":19,"column":1}},"1":{"start":{"line":2,"column":2},"end":{"line":4,"column":3}},"2":{"start":{"line":3,"column":4},"end":{"line":3,"column":102}},"3":{"start":{"line":6,"column":2},"end":{"line":8,"column":3}},"4":{"start":{"line":7,"column":4},"end":{"line":7,"column":115}},"5":{"start":{"line":10,"column":2},"end":{"line":12,"column":3}},"6":{"start":{"line":11,"column":4},"end":{"line":11,"column":115}},"7":{"start":{"line":14,"column":2},"end":{"line":16,"column":3}},"8":{"start":{"line":15,"column":4},"end":{"line":15,"column":105}},"9":{"start":{"line":18,"column":2},"end":{"line":18,"column":25}}},"fnMap":{"0":{"name":"(anonymous_0)","decl":{"start":{"line":1,"column":33},"end":{"line":1,"column":34}},"loc":{"start":{"line":1,"column":47},"end":{"line":19,"column":1}},"line":1}},"branchMap":{"0":{"loc":{"start":{"line":2,"column":2},"end":{"line":4,"column":3}},"type":"if","locations":[{"start":{"line":2,"column":2},"end":{"line":4,"column":3}},{"start":{},"end":{}}],"line":2},"1":{"loc":{"start":{"line":2,"column":6},"end":{"line":2,"column":38}},"type":"binary-expr","locations":[{"start":{"line":2,"column":6},"end":{"line":2,"column":15}},{"start":{"line":2,"column":19},"end":{"line":2,"column":38}}],"line":2},"2":{"loc":{"start":{"line":6,"column":2},"end":{"line":8,"column":3}},"type":"if","locations":[{"start":{"line":6,"column":2},"end":{"line":8,"column":3}},{"start":{},"end":{}}],"line":6},"3":{"loc":{"start":{"line":10,"column":2},"end":{"line":12,"column":3}},"type":"if","locations":[{"start":{"line":10,"column":2},"end":{"line":12,"column":3}},{"start":{},"end":{}}],"line":10},"4":{"loc":{"start":{"line":14,"column":2},"end":{"line":16,"column":3}},"type":"if","locations":[{"start":{"line":14,"column":2},"end":{"line":16,"column":3}},{"start":{},"end":{}}],"line":14}},"s":{"0":1,"1":17,"2":1,"3":16,"4":1,"5":15,"6":1,"7":14,"8":1,"9":13},"f":{"0":17},"b":{"0":[1,16],"1":[17,17],"2":[1,15],"3":[1,14],"4":[1,13]},"inputSourceMap":null,"_coverageSchema":"1a1c01bbd47fc00a2c39e90264f33305004495a9","hash":"786d0d3ad83145c59793c7b16cf32f8d4f5715f7"}
}
