{"/home/atiya-inayat/Desktop/MyProjects/full-stack-projects/mentora/backend/src/controllers/authController.js": {"path":"/home/atiya-inayat/Desktop/MyProjects/full-stack-projects/mentora/backend/src/controllers/authController.js","statementMap":{"0":{"start":{"line":8,"column":19},"end":{"line":8,"column":41}},"1":{"start":{"line":9,"column":27},"end":{"line":9,"column":83}},"2":{"start":{"line":11,"column":0},"end":{"line":14,"column":1}},"3":{"start":{"line":12,"column":2},"end":{"line":12,"column":77}},"4":{"start":{"line":13,"column":2},"end":{"line":13,"column":18}},"5":{"start":{"line":16,"column":0},"end":{"line":18,"column":1}},"6":{"start":{"line":17,"column":2},"end":{"line":17,"column":117}},"7":{"start":{"line":20,"column":32},"end":{"line":20,"column":39}},"8":{"start":{"line":21,"column":33},"end":{"line":21,"column":49}},"9":{"start":{"line":22,"column":31},"end":{"line":22,"column":61}},"10":{"start":{"line":23,"column":32},"end":{"line":23,"column":63}},"11":{"start":{"line":25,"column":18},"end":{"line":27,"column":1}},"12":{"start":{"line":26,"column":2},"end":{"line":26,"column":65}},"13":{"start":{"line":29,"column":25},"end":{"line":35,"column":2}},"14":{"start":{"line":29,"column":38},"end":{"line":35,"column":1}},"15":{"start":{"line":37,"column":28},"end":{"line":39,"column":1}},"16":{"start":{"line":38,"column":2},"end":{"line":38,"column":29}},"17":{"start":{"line":41,"column":23},"end":{"line":67,"column":1}},"18":{"start":{"line":42,"column":17},"end":{"line":42,"column":53}},"19":{"start":{"line":44,"column":24},"end":{"line":49,"column":3}},"20":{"start":{"line":51,"column":25},"end":{"line":56,"column":3}},"21":{"start":{"line":58,"column":22},"end":{"line":60,"column":4}},"22":{"start":{"line":62,"column":23},"end":{"line":64,"column":4}},"23":{"start":{"line":66,"column":2},"end":{"line":66,"column":60}},"24":{"start":{"line":69,"column":25},"end":{"line":80,"column":1}},"25":{"start":{"line":70,"column":22},"end":{"line":70,"column":38}},"26":{"start":{"line":72,"column":2},"end":{"line":79,"column":5}},"27":{"start":{"line":82,"column":27},"end":{"line":94,"column":1}},"28":{"start":{"line":83,"column":2},"end":{"line":93,"column":3}},"29":{"start":{"line":84,"column":20},"end":{"line":84,"column":57}},"30":{"start":{"line":86,"column":4},"end":{"line":88,"column":5}},"31":{"start":{"line":87,"column":6},"end":{"line":87,"column":18}},"32":{"start":{"line":90,"column":4},"end":{"line":90,"column":19}},"33":{"start":{"line":92,"column":4},"end":{"line":92,"column":16}},"34":{"start":{"line":96,"column":27},"end":{"line":119,"column":1}},"35":{"start":{"line":97,"column":18},"end":{"line":97,"column":46}},"36":{"start":{"line":98,"column":2},"end":{"line":100,"column":3}},"37":{"start":{"line":99,"column":4},"end":{"line":99,"column":45}},"38":{"start":{"line":102,"column":25},"end":{"line":102,"column":44}},"39":{"start":{"line":104,"column":23},"end":{"line":108,"column":3}},"40":{"start":{"line":110,"column":2},"end":{"line":112,"column":3}},"41":{"start":{"line":111,"column":4},"end":{"line":111,"column":45}},"42":{"start":{"line":114,"column":53},"end":{"line":114,"column":89}},"43":{"start":{"line":116,"column":2},"end":{"line":116,"column":73}},"44":{"start":{"line":118,"column":2},"end":{"line":118,"column":52}},"45":{"start":{"line":121,"column":28},"end":{"line":129,"column":1}},"46":{"start":{"line":122,"column":16},"end":{"line":122,"column":63}},"47":{"start":{"line":124,"column":2},"end":{"line":126,"column":3}},"48":{"start":{"line":125,"column":4},"end":{"line":125,"column":36}},"49":{"start":{"line":128,"column":2},"end":{"line":128,"column":83}},"50":{"start":{"line":131,"column":25},"end":{"line":135,"column":1}},"51":{"start":{"line":132,"column":19},"end":{"line":132,"column":97}},"52":{"start":{"line":133,"column":2},"end":{"line":133,"column":102}},"53":{"start":{"line":134,"column":2},"end":{"line":134,"column":103}},"54":{"start":{"line":137,"column":24},"end":{"line":201,"column":1}},"55":{"start":{"line":138,"column":2},"end":{"line":200,"column":3}},"56":{"start":{"line":139,"column":44},"end":{"line":139,"column":52}},"57":{"start":{"line":141,"column":4},"end":{"line":147,"column":5}},"58":{"start":{"line":142,"column":6},"end":{"line":146,"column":9}},"59":{"start":{"line":149,"column":28},"end":{"line":149,"column":54}},"60":{"start":{"line":151,"column":26},"end":{"line":151,"column":60}},"61":{"start":{"line":152,"column":4},"end":{"line":158,"column":5}},"62":{"start":{"line":153,"column":6},"end":{"line":157,"column":9}},"63":{"start":{"line":160,"column":25},"end":{"line":160,"column":71}},"64":{"start":{"line":161,"column":4},"end":{"line":167,"column":5}},"65":{"start":{"line":162,"column":6},"end":{"line":166,"column":9}},"66":{"start":{"line":169,"column":20},"end":{"line":169,"column":87}},"67":{"start":{"line":171,"column":55},"end":{"line":171,"column":78}},"68":{"start":{"line":173,"column":4},"end":{"line":179,"column":6}},"69":{"start":{"line":181,"column":4},"end":{"line":181,"column":85}},"70":{"start":{"line":182,"column":4},"end":{"line":182,"column":88}},"71":{"start":{"line":184,"column":4},"end":{"line":192,"column":7}},"72":{"start":{"line":194,"column":4},"end":{"line":194,"column":44}},"73":{"start":{"line":195,"column":4},"end":{"line":199,"column":7}},"74":{"start":{"line":203,"column":21},"end":{"line":280,"column":1}},"75":{"start":{"line":204,"column":2},"end":{"line":279,"column":3}},"76":{"start":{"line":205,"column":32},"end":{"line":205,"column":40}},"77":{"start":{"line":207,"column":4},"end":{"line":213,"column":5}},"78":{"start":{"line":208,"column":6},"end":{"line":212,"column":9}},"79":{"start":{"line":215,"column":28},"end":{"line":215,"column":54}},"80":{"start":{"line":217,"column":17},"end":{"line":217,"column":63}},"81":{"start":{"line":219,"column":22},"end":{"line":219,"column":84}},"82":{"start":{"line":221,"column":18},"end":{"line":221,"column":23}},"83":{"start":{"line":222,"column":4},"end":{"line":229,"column":5}},"84":{"start":{"line":223,"column":6},"end":{"line":223,"column":53}},"85":{"start":{"line":225,"column":6},"end":{"line":228,"column":7}},"86":{"start":{"line":226,"column":8},"end":{"line":226,"column":50}},"87":{"start":{"line":231,"column":4},"end":{"line":237,"column":5}},"88":{"start":{"line":232,"column":6},"end":{"line":236,"column":9}},"89":{"start":{"line":239,"column":4},"end":{"line":248,"column":5}},"90":{"start":{"line":240,"column":6},"end":{"line":240,"column":53}},"91":{"start":{"line":241,"column":6},"end":{"line":241,"column":28}},"92":{"start":{"line":243,"column":6},"end":{"line":247,"column":9}},"93":{"start":{"line":250,"column":55},"end":{"line":250,"column":75}},"94":{"start":{"line":252,"column":4},"end":{"line":258,"column":6}},"95":{"start":{"line":260,"column":4},"end":{"line":260,"column":85}},"96":{"start":{"line":261,"column":4},"end":{"line":261,"column":88}},"97":{"start":{"line":263,"column":4},"end":{"line":271,"column":7}},"98":{"start":{"line":273,"column":4},"end":{"line":273,"column":41}},"99":{"start":{"line":274,"column":4},"end":{"line":278,"column":7}},"100":{"start":{"line":282,"column":22},"end":{"line":309,"column":1}},"101":{"start":{"line":283,"column":2},"end":{"line":308,"column":3}},"102":{"start":{"line":284,"column":30},"end":{"line":284,"column":54}},"103":{"start":{"line":286,"column":4},"end":{"line":292,"column":5}},"104":{"start":{"line":287,"column":26},"end":{"line":287,"column":54}},"105":{"start":{"line":288,"column":6},"end":{"line":291,"column":8}},"106":{"start":{"line":294,"column":4},"end":{"line":294,"column":26}},"107":{"start":{"line":296,"column":4},"end":{"line":300,"column":7}},"108":{"start":{"line":302,"column":4},"end":{"line":302,"column":42}},"109":{"start":{"line":303,"column":4},"end":{"line":307,"column":7}},"110":{"start":{"line":311,"column":28},"end":{"line":403,"column":1}},"111":{"start":{"line":312,"column":2},"end":{"line":402,"column":3}},"112":{"start":{"line":313,"column":30},"end":{"line":313,"column":54}},"113":{"start":{"line":315,"column":4},"end":{"line":321,"column":5}},"114":{"start":{"line":316,"column":6},"end":{"line":320,"column":9}},"115":{"start":{"line":323,"column":20},"end":{"line":323,"column":57}},"116":{"start":{"line":324,"column":4},"end":{"line":330,"column":5}},"117":{"start":{"line":325,"column":6},"end":{"line":329,"column":9}},"118":{"start":{"line":332,"column":24},"end":{"line":332,"column":52}},"119":{"start":{"line":333,"column":24},"end":{"line":333,"column":74}},"120":{"start":{"line":335,"column":4},"end":{"line":347,"column":5}},"121":{"start":{"line":336,"column":6},"end":{"line":338,"column":7}},"122":{"start":{"line":337,"column":8},"end":{"line":337,"column":63}},"123":{"start":{"line":340,"column":6},"end":{"line":340,"column":28}},"124":{"start":{"line":342,"column":6},"end":{"line":346,"column":9}},"125":{"start":{"line":349,"column":17},"end":{"line":349,"column":49}},"126":{"start":{"line":351,"column":4},"end":{"line":359,"column":5}},"127":{"start":{"line":352,"column":6},"end":{"line":352,"column":28}},"128":{"start":{"line":354,"column":6},"end":{"line":358,"column":9}},"129":{"start":{"line":361,"column":4},"end":{"line":370,"column":5}},"130":{"start":{"line":362,"column":6},"end":{"line":362,"column":53}},"131":{"start":{"line":363,"column":6},"end":{"line":363,"column":28}},"132":{"start":{"line":365,"column":6},"end":{"line":369,"column":9}},"133":{"start":{"line":372,"column":59},"end":{"line":375,"column":5}},"134":{"start":{"line":377,"column":4},"end":{"line":377,"column":85}},"135":{"start":{"line":378,"column":4},"end":{"line":378,"column":91}},"136":{"start":{"line":380,"column":4},"end":{"line":384,"column":7}},"137":{"start":{"line":386,"column":4},"end":{"line":394,"column":5}},"138":{"start":{"line":387,"column":6},"end":{"line":387,"column":28}},"139":{"start":{"line":389,"column":6},"end":{"line":393,"column":9}},"140":{"start":{"line":396,"column":4},"end":{"line":396,"column":49}},"141":{"start":{"line":397,"column":4},"end":{"line":401,"column":7}},"142":{"start":{"line":405,"column":21},"end":{"line":471,"column":1}},"143":{"start":{"line":406,"column":2},"end":{"line":470,"column":3}},"144":{"start":{"line":407,"column":24},"end":{"line":407,"column":47}},"145":{"start":{"line":409,"column":4},"end":{"line":415,"column":5}},"146":{"start":{"line":410,"column":6},"end":{"line":414,"column":9}},"147":{"start":{"line":418,"column":4},"end":{"line":426,"column":5}},"148":{"start":{"line":419,"column":6},"end":{"line":419,"column":52}},"149":{"start":{"line":421,"column":6},"end":{"line":425,"column":9}},"150":{"start":{"line":428,"column":4},"end":{"line":434,"column":5}},"151":{"start":{"line":429,"column":6},"end":{"line":433,"column":9}},"152":{"start":{"line":436,"column":17},"end":{"line":436,"column":69}},"153":{"start":{"line":438,"column":4},"end":{"line":444,"column":5}},"154":{"start":{"line":439,"column":6},"end":{"line":443,"column":9}},"155":{"start":{"line":446,"column":4},"end":{"line":452,"column":5}},"156":{"start":{"line":447,"column":6},"end":{"line":451,"column":9}},"157":{"start":{"line":454,"column":4},"end":{"line":462,"column":7}},"158":{"start":{"line":464,"column":4},"end":{"line":464,"column":41}},"159":{"start":{"line":465,"column":4},"end":{"line":469,"column":7}},"160":{"start":{"line":473,"column":27},"end":{"line":504,"column":1}},"161":{"start":{"line":474,"column":2},"end":{"line":503,"column":3}},"162":{"start":{"line":475,"column":19},"end":{"line":475,"column":42}},"163":{"start":{"line":477,"column":19},"end":{"line":484,"column":16}},"164":{"start":{"line":486,"column":4},"end":{"line":495,"column":7}},"165":{"start":{"line":488,"column":35},"end":{"line":494,"column":7}},"166":{"start":{"line":497,"column":4},"end":{"line":497,"column":48}},"167":{"start":{"line":498,"column":4},"end":{"line":502,"column":7}},"168":{"start":{"line":506,"column":33},"end":{"line":527,"column":1}},"169":{"start":{"line":507,"column":2},"end":{"line":526,"column":3}},"170":{"start":{"line":508,"column":19},"end":{"line":508,"column":42}},"171":{"start":{"line":510,"column":4},"end":{"line":510,"column":38}},"172":{"start":{"line":512,"column":4},"end":{"line":512,"column":26}},"173":{"start":{"line":514,"column":4},"end":{"line":518,"column":7}},"174":{"start":{"line":520,"column":4},"end":{"line":520,"column":51}},"175":{"start":{"line":521,"column":4},"end":{"line":525,"column":7}}},"fnMap":{"0":{"name":"(anonymous_0)","decl":{"start":{"line":25,"column":18},"end":{"line":25,"column":19}},"loc":{"start":{"line":25,"column":29},"end":{"line":27,"column":1}},"line":25},"1":{"name":"(anonymous_1)","decl":{"start":{"line":29,"column":25},"end":{"line":29,"column":26}},"loc":{"start":{"line":29,"column":38},"end":{"line":35,"column":1}},"line":29},"2":{"name":"(anonymous_2)","decl":{"start":{"line":37,"column":28},"end":{"line":37,"column":29}},"loc":{"start":{"line":37,"column":34},"end":{"line":39,"column":1}},"line":37},"3":{"name":"(anonymous_3)","decl":{"start":{"line":41,"column":23},"end":{"line":41,"column":24}},"loc":{"start":{"line":41,"column":53},"end":{"line":67,"column":1}},"line":41},"4":{"name":"(anonymous_4)","decl":{"start":{"line":69,"column":25},"end":{"line":69,"column":26}},"loc":{"start":{"line":69,"column":85},"end":{"line":80,"column":1}},"line":69},"5":{"name":"(anonymous_5)","decl":{"start":{"line":82,"column":27},"end":{"line":82,"column":28}},"loc":{"start":{"line":82,"column":38},"end":{"line":94,"column":1}},"line":82},"6":{"name":"(anonymous_6)","decl":{"start":{"line":96,"column":27},"end":{"line":96,"column":28}},"loc":{"start":{"line":96,"column":53},"end":{"line":119,"column":1}},"line":96},"7":{"name":"(anonymous_7)","decl":{"start":{"line":121,"column":28},"end":{"line":121,"column":29}},"loc":{"start":{"line":121,"column":66},"end":{"line":129,"column":1}},"line":121},"8":{"name":"(anonymous_8)","decl":{"start":{"line":131,"column":25},"end":{"line":131,"column":26}},"loc":{"start":{"line":131,"column":34},"end":{"line":135,"column":1}},"line":131},"9":{"name":"(anonymous_9)","decl":{"start":{"line":137,"column":24},"end":{"line":137,"column":25}},"loc":{"start":{"line":137,"column":50},"end":{"line":201,"column":1}},"line":137},"10":{"name":"(anonymous_10)","decl":{"start":{"line":203,"column":21},"end":{"line":203,"column":22}},"loc":{"start":{"line":203,"column":47},"end":{"line":280,"column":1}},"line":203},"11":{"name":"(anonymous_11)","decl":{"start":{"line":282,"column":22},"end":{"line":282,"column":23}},"loc":{"start":{"line":282,"column":48},"end":{"line":309,"column":1}},"line":282},"12":{"name":"(anonymous_12)","decl":{"start":{"line":311,"column":28},"end":{"line":311,"column":29}},"loc":{"start":{"line":311,"column":54},"end":{"line":403,"column":1}},"line":311},"13":{"name":"(anonymous_13)","decl":{"start":{"line":405,"column":21},"end":{"line":405,"column":22}},"loc":{"start":{"line":405,"column":47},"end":{"line":471,"column":1}},"line":405},"14":{"name":"(anonymous_14)","decl":{"start":{"line":473,"column":27},"end":{"line":473,"column":28}},"loc":{"start":{"line":473,"column":53},"end":{"line":504,"column":1}},"line":473},"15":{"name":"(anonymous_15)","decl":{"start":{"line":488,"column":27},"end":{"line":488,"column":28}},"loc":{"start":{"line":488,"column":35},"end":{"line":494,"column":7}},"line":488},"16":{"name":"(anonymous_16)","decl":{"start":{"line":506,"column":33},"end":{"line":506,"column":34}},"loc":{"start":{"line":506,"column":59},"end":{"line":527,"column":1}},"line":506}},"branchMap":{"0":{"loc":{"start":{"line":9,"column":27},"end":{"line":9,"column":83}},"type":"binary-expr","locations":[{"start":{"line":9,"column":27},"end":{"line":9,"column":57}},{"start":{"line":9,"column":61},"end":{"line":9,"column":83}}],"line":9},"1":{"loc":{"start":{"line":11,"column":0},"end":{"line":14,"column":1}},"type":"if","locations":[{"start":{"line":11,"column":0},"end":{"line":14,"column":1}},{"start":{},"end":{}}],"line":11},"2":{"loc":{"start":{"line":16,"column":0},"end":{"line":18,"column":1}},"type":"if","locations":[{"start":{"line":16,"column":0},"end":{"line":18,"column":1}},{"start":{},"end":{}}],"line":16},"3":{"loc":{"start":{"line":31,"column":10},"end":{"line":31,"column":88}},"type":"binary-expr","locations":[{"start":{"line":31,"column":10},"end":{"line":31,"column":47}},{"start":{"line":31,"column":51},"end":{"line":31,"column":88}}],"line":31},"4":{"loc":{"start":{"line":41,"column":30},"end":{"line":41,"column":48}},"type":"default-arg","locations":[{"start":{"line":41,"column":44},"end":{"line":41,"column":48}}],"line":41},"5":{"loc":{"start":{"line":42,"column":17},"end":{"line":42,"column":53}},"type":"binary-expr","locations":[{"start":{"line":42,"column":17},"end":{"line":42,"column":28}},{"start":{"line":42,"column":32},"end":{"line":42,"column":53}}],"line":42},"6":{"loc":{"start":{"line":86,"column":4},"end":{"line":88,"column":5}},"type":"if","locations":[{"start":{"line":86,"column":4},"end":{"line":88,"column":5}},{"start":{},"end":{}}],"line":86},"7":{"loc":{"start":{"line":98,"column":2},"end":{"line":100,"column":3}},"type":"if","locations":[{"start":{"line":98,"column":2},"end":{"line":100,"column":3}},{"start":{},"end":{}}],"line":98},"8":{"loc":{"start":{"line":110,"column":2},"end":{"line":112,"column":3}},"type":"if","locations":[{"start":{"line":110,"column":2},"end":{"line":112,"column":3}},{"start":{},"end":{}}],"line":110},"9":{"loc":{"start":{"line":121,"column":43},"end":{"line":121,"column":61}},"type":"default-arg","locations":[{"start":{"line":121,"column":57},"end":{"line":121,"column":61}}],"line":121},"10":{"loc":{"start":{"line":124,"column":2},"end":{"line":126,"column":3}},"type":"if","locations":[{"start":{"line":124,"column":2},"end":{"line":126,"column":3}},{"start":{},"end":{}}],"line":124},"11":{"loc":{"start":{"line":132,"column":19},"end":{"line":132,"column":97}},"type":"binary-expr","locations":[{"start":{"line":132,"column":19},"end":{"line":132,"column":56}},{"start":{"line":132,"column":60},"end":{"line":132,"column":97}}],"line":132},"12":{"loc":{"start":{"line":141,"column":4},"end":{"line":147,"column":5}},"type":"if","locations":[{"start":{"line":141,"column":4},"end":{"line":147,"column":5}},{"start":{},"end":{}}],"line":141},"13":{"loc":{"start":{"line":141,"column":8},"end":{"line":141,"column":36}},"type":"binary-expr","locations":[{"start":{"line":141,"column":8},"end":{"line":141,"column":13}},{"start":{"line":141,"column":17},"end":{"line":141,"column":23}},{"start":{"line":141,"column":27},"end":{"line":141,"column":36}}],"line":141},"14":{"loc":{"start":{"line":152,"column":4},"end":{"line":158,"column":5}},"type":"if","locations":[{"start":{"line":152,"column":4},"end":{"line":158,"column":5}},{"start":{},"end":{}}],"line":152},"15":{"loc":{"start":{"line":161,"column":4},"end":{"line":167,"column":5}},"type":"if","locations":[{"start":{"line":161,"column":4},"end":{"line":167,"column":5}},{"start":{},"end":{}}],"line":161},"16":{"loc":{"start":{"line":207,"column":4},"end":{"line":213,"column":5}},"type":"if","locations":[{"start":{"line":207,"column":4},"end":{"line":213,"column":5}},{"start":{},"end":{}}],"line":207},"17":{"loc":{"start":{"line":207,"column":8},"end":{"line":207,"column":27}},"type":"binary-expr","locations":[{"start":{"line":207,"column":8},"end":{"line":207,"column":14}},{"start":{"line":207,"column":18},"end":{"line":207,"column":27}}],"line":207},"18":{"loc":{"start":{"line":222,"column":4},"end":{"line":229,"column":5}},"type":"if","locations":[{"start":{"line":222,"column":4},"end":{"line":229,"column":5}},{"start":{"line":224,"column":11},"end":{"line":229,"column":5}}],"line":222},"19":{"loc":{"start":{"line":231,"column":4},"end":{"line":237,"column":5}},"type":"if","locations":[{"start":{"line":231,"column":4},"end":{"line":237,"column":5}},{"start":{},"end":{}}],"line":231},"20":{"loc":{"start":{"line":231,"column":8},"end":{"line":231,"column":25}},"type":"binary-expr","locations":[{"start":{"line":231,"column":8},"end":{"line":231,"column":13}},{"start":{"line":231,"column":17},"end":{"line":231,"column":25}}],"line":231},"21":{"loc":{"start":{"line":239,"column":4},"end":{"line":248,"column":5}},"type":"if","locations":[{"start":{"line":239,"column":4},"end":{"line":248,"column":5}},{"start":{},"end":{}}],"line":239},"22":{"loc":{"start":{"line":286,"column":4},"end":{"line":292,"column":5}},"type":"if","locations":[{"start":{"line":286,"column":4},"end":{"line":292,"column":5}},{"start":{},"end":{}}],"line":286},"23":{"loc":{"start":{"line":315,"column":4},"end":{"line":321,"column":5}},"type":"if","locations":[{"start":{"line":315,"column":4},"end":{"line":321,"column":5}},{"start":{},"end":{}}],"line":315},"24":{"loc":{"start":{"line":324,"column":4},"end":{"line":330,"column":5}},"type":"if","locations":[{"start":{"line":324,"column":4},"end":{"line":330,"column":5}},{"start":{},"end":{}}],"line":324},"25":{"loc":{"start":{"line":335,"column":4},"end":{"line":347,"column":5}},"type":"if","locations":[{"start":{"line":335,"column":4},"end":{"line":347,"column":5}},{"start":{},"end":{}}],"line":335},"26":{"loc":{"start":{"line":335,"column":8},"end":{"line":335,"column":45}},"type":"binary-expr","locations":[{"start":{"line":335,"column":8},"end":{"line":335,"column":20}},{"start":{"line":335,"column":24},"end":{"line":335,"column":45}}],"line":335},"27":{"loc":{"start":{"line":336,"column":6},"end":{"line":338,"column":7}},"type":"if","locations":[{"start":{"line":336,"column":6},"end":{"line":338,"column":7}},{"start":{},"end":{}}],"line":336},"28":{"loc":{"start":{"line":351,"column":4},"end":{"line":359,"column":5}},"type":"if","locations":[{"start":{"line":351,"column":4},"end":{"line":359,"column":5}},{"start":{},"end":{}}],"line":351},"29":{"loc":{"start":{"line":361,"column":4},"end":{"line":370,"column":5}},"type":"if","locations":[{"start":{"line":361,"column":4},"end":{"line":370,"column":5}},{"start":{},"end":{}}],"line":361},"30":{"loc":{"start":{"line":386,"column":4},"end":{"line":394,"column":5}},"type":"if","locations":[{"start":{"line":386,"column":4},"end":{"line":394,"column":5}},{"start":{},"end":{}}],"line":386},"31":{"loc":{"start":{"line":409,"column":4},"end":{"line":415,"column":5}},"type":"if","locations":[{"start":{"line":409,"column":4},"end":{"line":415,"column":5}},{"start":{},"end":{}}],"line":409},"32":{"loc":{"start":{"line":428,"column":4},"end":{"line":434,"column":5}},"type":"if","locations":[{"start":{"line":428,"column":4},"end":{"line":434,"column":5}},{"start":{},"end":{}}],"line":428},"33":{"loc":{"start":{"line":438,"column":4},"end":{"line":444,"column":5}},"type":"if","locations":[{"start":{"line":438,"column":4},"end":{"line":444,"column":5}},{"start":{},"end":{}}],"line":438},"34":{"loc":{"start":{"line":446,"column":4},"end":{"line":452,"column":5}},"type":"if","locations":[{"start":{"line":446,"column":4},"end":{"line":452,"column":5}},{"start":{},"end":{}}],"line":446}},"s":{"0":1,"1":1,"2":1,"3":0,"4":0,"5":1,"6":0,"7":1,"8":1,"9":1,"10":1,"11":1,"12":19,"13":1,"14":32,"15":1,"16":15,"17":1,"18":16,"19":16,"20":16,"21":16,"22":16,"23":16,"24":1,"25":16,"26":16,"27":1,"28":2,"29":2,"30":2,"31":0,"32":2,"33":0,"34":1,"35":1,"36":1,"37":0,"38":1,"39":1,"40":1,"41":0,"42":1,"43":1,"44":1,"45":1,"46":1,"47":1,"48":0,"49":1,"50":1,"51":3,"52":3,"53":3,"54":1,"55":18,"56":18,"57":18,"58":1,"59":17,"60":17,"61":17,"62":4,"63":13,"64":13,"65":1,"66":12,"67":12,"68":12,"69":12,"70":12,"71":12,"72":0,"73":0,"74":1,"75":7,"76":7,"77":7,"78":1,"79":6,"80":6,"81":6,"82":6,"83":6,"84":5,"85":1,"86":1,"87":6,"88":2,"89":4,"90":1,"91":1,"92":1,"93":3,"94":3,"95":3,"96":3,"97":3,"98":0,"99":0,"100":1,"101":2,"102":2,"103":2,"104":1,"105":1,"106":2,"107":2,"108":0,"109":0,"110":1,"111":2,"112":2,"113":2,"114":1,"115":1,"116":1,"117":0,"118":1,"119":1,"120":1,"121":0,"122":0,"123":0,"124":0,"125":1,"126":1,"127":0,"128":0,"129":1,"130":0,"131":0,"132":0,"133":1,"134":1,"135":1,"136":1,"137":0,"138":0,"139":0,"140":0,"141":0,"142":1,"143":0,"144":0,"145":0,"146":0,"147":0,"148":0,"149":0,"150":0,"151":0,"152":0,"153":0,"154":0,"155":0,"156":0,"157":0,"158":0,"159":0,"160":1,"161":0,"162":0,"163":0,"164":0,"165":0,"166":0,"167":0,"168":1,"169":0,"170":0,"171":0,"172":0,"173":0,"174":0,"175":0},"f":{"0":19,"1":32,"2":15,"3":16,"4":16,"5":2,"6":1,"7":1,"8":3,"9":18,"10":7,"11":2,"12":2,"13":0,"14":0,"15":0,"16":0},"b":{"0":[1,0],"1":[0,1],"2":[0,1],"3":[32,32],"4":[15],"5":[16,15],"6":[0,2],"7":[0,1],"8":[0,1],"9":[1],"10":[0,1],"11":[3,3],"12":[1,17],"13":[18,17,17],"14":[4,13],"15":[1,12],"16":[1,6],"17":[7,6],"18":[5,1],"19":[2,4],"20":[6,5],"21":[1,3],"22":[1,1],"23":[1,1],"24":[0,1],"25":[0,1],"26":[1,1],"27":[0,0],"28":[0,1],"29":[0,1],"30":[0,0],"31":[0,0],"32":[0,0],"33":[0,0],"34":[0,0]},"inputSourceMap":null,"_coverageSchema":"1a1c01bbd47fc00a2c39e90264f33305004495a9","hash":"70ae5401a919ed6cbd5e76380f14fc2cfe5eca2c"}
,"/home/atiya-inayat/Desktop/MyProjects/full-stack-projects/mentora/backend/src/models/RefreshToken.js": {"path":"/home/atiya-inayat/Desktop/MyProjects/full-stack-projects/mentora/backend/src/models/RefreshToken.js","statementMap":{"0":{"start":{"line":3,"column":27},"end":{"line":56,"column":2}},"1":{"start":{"line":58,"column":0},"end":{"line":58,"column":68}},"2":{"start":{"line":59,"column":0},"end":{"line":59,"column":70}},"3":{"start":{"line":60,"column":0},"end":{"line":60,"column":43}},"4":{"start":{"line":62,"column":21},"end":{"line":62,"column":71}}},"fnMap":{},"branchMap":{},"s":{"0":1,"1":1,"2":1,"3":1,"4":1},"f":{},"b":{},"inputSourceMap":null,"_coverageSchema":"1a1c01bbd47fc00a2c39e90264f33305004495a9","hash":"b933cfdf4e6b3d44ae0d6d02fbda6fab8af41da3"}
,"/home/atiya-inayat/Desktop/MyProjects/full-stack-projects/mentora/backend/src/models/User.js": {"path":"/home/atiya-inayat/Desktop/MyProjects/full-stack-projects/mentora/backend/src/models/User.js","statementMap":{"0":{"start":{"line":4,"column":19},"end":{"line":33,"column":1}},"1":{"start":{"line":35,"column":0},"end":{"line":41,"column":3}},"2":{"start":{"line":36,"column":2},"end":{"line":38,"column":3}},"3":{"start":{"line":37,"column":4},"end":{"line":37,"column":11}},"4":{"start":{"line":40,"column":2},"end":{"line":40,"column":55}},"5":{"start":{"line":43,"column":0},"end":{"line":45,"column":2}},"6":{"start":{"line":44,"column":2},"end":{"line":44,"column":55}}},"fnMap":{"0":{"name":"(anonymous_0)","decl":{"start":{"line":35,"column":23},"end":{"line":35,"column":24}},"loc":{"start":{"line":35,"column":41},"end":{"line":41,"column":1}},"line":35},"1":{"name":"(anonymous_1)","decl":{"start":{"line":43,"column":37},"end":{"line":43,"column":38}},"loc":{"start":{"line":43,"column":63},"end":{"line":45,"column":1}},"line":43}},"branchMap":{"0":{"loc":{"start":{"line":36,"column":2},"end":{"line":38,"column":3}},"type":"if","locations":[{"start":{"line":36,"column":2},"end":{"line":38,"column":3}},{"start":{},"end":{}}],"line":36}},"s":{"0":1,"1":1,"2":13,"3":0,"4":13,"5":1,"6":5},"f":{"0":13,"1":5},"b":{"0":[0,13]},"inputSourceMap":null,"_coverageSchema":"1a1c01bbd47fc00a2c39e90264f33305004495a9","hash":"f4916e06850e502a468e3d8035adb9329530eacd"}
,"/home/atiya-inayat/Desktop/MyProjects/full-stack-projects/mentora/backend/src/utils/passwordValidator.js": {"path":"/home/atiya-inayat/Desktop/MyProjects/full-stack-projects/mentora/backend/src/utils/passwordValidator.js","statementMap":{"0":{"start":{"line":1,"column":33},"end":{"line":19,"column":1}},"1":{"start":{"line":2,"column":2},"end":{"line":4,"column":3}},"2":{"start":{"line":3,"column":4},"end":{"line":3,"column":102}},"3":{"start":{"line":6,"column":2},"end":{"line":8,"column":3}},"4":{"start":{"line":7,"column":4},"end":{"line":7,"column":115}},"5":{"start":{"line":10,"column":2},"end":{"line":12,"column":3}},"6":{"start":{"line":11,"column":4},"end":{"line":11,"column":115}},"7":{"start":{"line":14,"column":2},"end":{"line":16,"column":3}},"8":{"start":{"line":15,"column":4},"end":{"line":15,"column":105}},"9":{"start":{"line":18,"column":2},"end":{"line":18,"column":25}}},"fnMap":{"0":{"name":"(anonymous_0)","decl":{"start":{"line":1,"column":33},"end":{"line":1,"column":34}},"loc":{"start":{"line":1,"column":47},"end":{"line":19,"column":1}},"line":1}},"branchMap":{"0":{"loc":{"start":{"line":2,"column":2},"end":{"line":4,"column":3}},"type":"if","locations":[{"start":{"line":2,"column":2},"end":{"line":4,"column":3}},{"start":{},"end":{}}],"line":2},"1":{"loc":{"start":{"line":2,"column":6},"end":{"line":2,"column":38}},"type":"binary-expr","locations":[{"start":{"line":2,"column":6},"end":{"line":2,"column":15}},{"start":{"line":2,"column":19},"end":{"line":2,"column":38}}],"line":2},"2":{"loc":{"start":{"line":6,"column":2},"end":{"line":8,"column":3}},"type":"if","locations":[{"start":{"line":6,"column":2},"end":{"line":8,"column":3}},{"start":{},"end":{}}],"line":6},"3":{"loc":{"start":{"line":10,"column":2},"end":{"line":12,"column":3}},"type":"if","locations":[{"start":{"line":10,"column":2},"end":{"line":12,"column":3}},{"start":{},"end":{}}],"line":10},"4":{"loc":{"start":{"line":14,"column":2},"end":{"line":16,"column":3}},"type":"if","locations":[{"start":{"line":14,"column":2},"end":{"line":16,"column":3}},{"start":{},"end":{}}],"line":14}},"s":{"0":1,"1":17,"2":1,"3":16,"4":1,"5":15,"6":1,"7":14,"8":1,"9":13},"f":{"0":17},"b":{"0":[1,16],"1":[17,17],"2":[1,15],"3":[1,14],"4":[1,13]},"inputSourceMap":null,"_coverageSchema":"1a1c01bbd47fc00a2c39e90264f33305004495a9","hash":"786d0d3ad83145c59793c7b16cf32f8d4f5715f7"}
}
