TN:
SF:src/controllers/authController.js
FN:23,(anonymous_0)
FN:27,(anonymous_1)
FN:35,(anonymous_2)
FN:39,(anonymous_3)
FN:67,(anonymous_4)
FN:80,(anonymous_5)
FN:94,(anonymous_6)
FN:119,(anonymous_7)
FN:129,(anonymous_8)
FN:135,(anonymous_9)
FN:201,(anonymous_10)
FN:280,(anonymous_11)
FN:309,(anonymous_12)
FN:403,(anonymous_13)
FN:471,(anonymous_14)
FN:486,(anonymous_15)
FN:504,(anonymous_16)
FNF:17
FNH:13
FNDA:19,(anonymous_0)
FNDA:32,(anonymous_1)
FNDA:15,(anonymous_2)
FNDA:16,(anonymous_3)
FNDA:16,(anonymous_4)
FNDA:2,(anonymous_5)
FNDA:1,(anonymous_6)
FNDA:1,(anonymous_7)
FNDA:3,(anonymous_8)
FNDA:18,(anonymous_9)
FNDA:7,(anonymous_10)
FNDA:2,(anonymous_11)
FNDA:2,(anonymous_12)
FNDA:0,(anonymous_13)
FNDA:0,(anonymous_14)
FNDA:0,(anonymous_15)
FNDA:0,(anonymous_16)
DA:8,1
DA:9,1
DA:11,1
DA:12,0
DA:13,0
DA:16,1
DA:17,0
DA:20,1
DA:21,1
DA:23,1
DA:24,19
DA:27,32
DA:35,1
DA:36,15
DA:39,1
DA:40,16
DA:42,16
DA:49,16
DA:56,16
DA:60,16
DA:64,16
DA:67,1
DA:68,16
DA:70,16
DA:80,1
DA:81,2
DA:82,2
DA:84,2
DA:85,0
DA:88,2
DA:90,0
DA:94,1
DA:95,1
DA:96,1
DA:97,0
DA:100,1
DA:102,1
DA:108,1
DA:109,0
DA:112,1
DA:114,1
DA:116,1
DA:119,1
DA:120,1
DA:122,1
DA:123,0
DA:126,1
DA:129,1
DA:130,3
DA:131,3
DA:132,3
DA:135,1
DA:136,18
DA:137,18
DA:139,18
DA:140,1
DA:147,17
DA:149,17
DA:150,17
DA:151,4
DA:158,13
DA:159,13
DA:160,1
DA:167,12
DA:169,12
DA:171,12
DA:179,12
DA:180,12
DA:182,12
DA:192,0
DA:193,0
DA:201,1
DA:202,7
DA:203,7
DA:205,7
DA:206,1
DA:213,6
DA:215,6
DA:217,6
DA:219,6
DA:220,6
DA:221,5
DA:223,1
DA:224,1
DA:229,6
DA:230,2
DA:237,4
DA:238,1
DA:239,1
DA:241,1
DA:248,3
DA:250,3
DA:258,3
DA:259,3
DA:261,3
DA:271,0
DA:272,0
DA:280,1
DA:281,2
DA:282,2
DA:284,2
DA:285,1
DA:286,1
DA:292,2
DA:294,2
DA:300,0
DA:301,0
DA:309,1
DA:310,2
DA:311,2
DA:313,2
DA:314,1
DA:321,1
DA:322,1
DA:323,0
DA:330,1
DA:331,1
DA:333,1
DA:334,0
DA:335,0
DA:338,0
DA:340,0
DA:347,1
DA:349,1
DA:350,0
DA:352,0
DA:359,1
DA:360,0
DA:361,0
DA:363,0
DA:370,1
DA:375,1
DA:376,1
DA:378,1
DA:384,0
DA:385,0
DA:387,0
DA:394,0
DA:395,0
DA:403,1
DA:404,0
DA:405,0
DA:407,0
DA:408,0
DA:416,0
DA:417,0
DA:419,0
DA:426,0
DA:427,0
DA:434,0
DA:436,0
DA:437,0
DA:444,0
DA:445,0
DA:452,0
DA:462,0
DA:463,0
DA:471,1
DA:472,0
DA:473,0
DA:475,0
DA:484,0
DA:486,0
DA:495,0
DA:496,0
DA:504,1
DA:505,0
DA:506,0
DA:508,0
DA:510,0
DA:512,0
DA:518,0
DA:519,0
LF:173
LH:113
BRDA:9,0,0,1
BRDA:9,0,1,0
BRDA:11,1,0,0
BRDA:11,1,1,1
BRDA:16,2,0,0
BRDA:16,2,1,1
BRDA:29,3,0,32
BRDA:29,3,1,32
BRDA:39,4,0,15
BRDA:40,5,0,16
BRDA:40,5,1,15
BRDA:84,6,0,0
BRDA:84,6,1,2
BRDA:96,7,0,0
BRDA:96,7,1,1
BRDA:108,8,0,0
BRDA:108,8,1,1
BRDA:119,9,0,1
BRDA:122,10,0,0
BRDA:122,10,1,1
BRDA:130,11,0,3
BRDA:130,11,1,3
BRDA:139,12,0,1
BRDA:139,12,1,17
BRDA:139,13,0,18
BRDA:139,13,1,17
BRDA:139,13,2,17
BRDA:150,14,0,4
BRDA:150,14,1,13
BRDA:159,15,0,1
BRDA:159,15,1,12
BRDA:205,16,0,1
BRDA:205,16,1,6
BRDA:205,17,0,7
BRDA:205,17,1,6
BRDA:220,18,0,5
BRDA:220,18,1,1
BRDA:229,19,0,2
BRDA:229,19,1,4
BRDA:229,20,0,6
BRDA:229,20,1,5
BRDA:237,21,0,1
BRDA:237,21,1,3
BRDA:284,22,0,1
BRDA:284,22,1,1
BRDA:313,23,0,1
BRDA:313,23,1,1
BRDA:322,24,0,0
BRDA:322,24,1,1
BRDA:333,25,0,0
BRDA:333,25,1,1
BRDA:333,26,0,1
BRDA:333,26,1,1
BRDA:334,27,0,0
BRDA:334,27,1,0
BRDA:349,28,0,0
BRDA:349,28,1,1
BRDA:359,29,0,0
BRDA:359,29,1,1
BRDA:384,30,0,0
BRDA:384,30,1,0
BRDA:407,31,0,0
BRDA:407,31,1,0
BRDA:426,32,0,0
BRDA:426,32,1,0
BRDA:436,33,0,0
BRDA:436,33,1,0
BRDA:444,34,0,0
BRDA:444,34,1,0
BRF:69
BRH:46
end_of_record
TN:
SF:src/models/RefreshToken.js
FNF:0
FNH:0
DA:3,1
DA:58,1
DA:59,1
DA:60,1
DA:62,1
LF:5
LH:5
BRF:0
BRH:0
end_of_record
TN:
SF:src/models/User.js
FN:35,(anonymous_0)
FN:43,(anonymous_1)
FNF:2
FNH:2
FNDA:13,(anonymous_0)
FNDA:5,(anonymous_1)
DA:4,1
DA:35,1
DA:36,13
DA:37,0
DA:40,13
DA:43,1
DA:44,5
LF:7
LH:6
BRDA:36,0,0,0
BRDA:36,0,1,13
BRF:2
BRH:1
end_of_record
TN:
SF:src/utils/passwordValidator.js
FN:1,(anonymous_0)
FNF:1
FNH:1
FNDA:17,(anonymous_0)
DA:1,1
DA:2,17
DA:3,1
DA:6,16
DA:7,1
DA:10,15
DA:11,1
DA:14,14
DA:15,1
DA:18,13
LF:10
LH:10
BRDA:2,0,0,1
BRDA:2,0,1,16
BRDA:2,1,0,17
BRDA:2,1,1,17
BRDA:6,2,0,1
BRDA:6,2,1,15
BRDA:10,3,0,1
BRDA:10,3,1,14
BRDA:14,4,0,1
BRDA:14,4,1,13
BRF:10
BRH:10
end_of_record
