TN:
SF:src/controllers/authController.js
FN:25,(anonymous_0)
FN:29,(anonymous_1)
FN:37,(anonymous_2)
FN:41,(anonymous_3)
FN:69,(anonymous_4)
FN:82,(anonymous_5)
FN:96,(anonymous_6)
FN:121,(anonymous_7)
FN:131,(anonymous_8)
FN:137,(anonymous_9)
FN:203,(anonymous_10)
FN:282,(anonymous_11)
FN:311,(anonymous_12)
FN:405,(anonymous_13)
FN:473,(anonymous_14)
FN:488,(anonymous_15)
FN:506,(anonymous_16)
FNF:17
FNH:13
FNDA:19,(anonymous_0)
FNDA:32,(anonymous_1)
FNDA:15,(anonymous_2)
FNDA:16,(anonymous_3)
FNDA:16,(anonymous_4)
FNDA:2,(anonymous_5)
FNDA:1,(anonymous_6)
FNDA:1,(anonymous_7)
FNDA:3,(anonymous_8)
FNDA:18,(anonymous_9)
FNDA:7,(anonymous_10)
FNDA:2,(anonymous_11)
FNDA:2,(anonymous_12)
FNDA:0,(anonymous_13)
FNDA:0,(anonymous_14)
FNDA:0,(anonymous_15)
FNDA:0,(anonymous_16)
DA:8,1
DA:9,1
DA:11,1
DA:12,0
DA:13,0
DA:16,1
DA:17,0
DA:20,1
DA:21,1
DA:22,1
DA:23,1
DA:25,1
DA:26,19
DA:29,32
DA:37,1
DA:38,15
DA:41,1
DA:42,16
DA:44,16
DA:51,16
DA:58,16
DA:62,16
DA:66,16
DA:69,1
DA:70,16
DA:72,16
DA:82,1
DA:83,2
DA:84,2
DA:86,2
DA:87,0
DA:90,2
DA:92,0
DA:96,1
DA:97,1
DA:98,1
DA:99,0
DA:102,1
DA:104,1
DA:110,1
DA:111,0
DA:114,1
DA:116,1
DA:118,1
DA:121,1
DA:122,1
DA:124,1
DA:125,0
DA:128,1
DA:131,1
DA:132,3
DA:133,3
DA:134,3
DA:137,1
DA:138,18
DA:139,18
DA:141,18
DA:142,1
DA:149,17
DA:151,17
DA:152,17
DA:153,4
DA:160,13
DA:161,13
DA:162,1
DA:169,12
DA:171,12
DA:173,12
DA:181,12
DA:182,12
DA:184,12
DA:194,0
DA:195,0
DA:203,1
DA:204,7
DA:205,7
DA:207,7
DA:208,1
DA:215,6
DA:217,6
DA:219,6
DA:221,6
DA:222,6
DA:223,5
DA:225,1
DA:226,1
DA:231,6
DA:232,2
DA:239,4
DA:240,1
DA:241,1
DA:243,1
DA:250,3
DA:252,3
DA:260,3
DA:261,3
DA:263,3
DA:273,0
DA:274,0
DA:282,1
DA:283,2
DA:284,2
DA:286,2
DA:287,1
DA:288,1
DA:294,2
DA:296,2
DA:302,0
DA:303,0
DA:311,1
DA:312,2
DA:313,2
DA:315,2
DA:316,1
DA:323,1
DA:324,1
DA:325,0
DA:332,1
DA:333,1
DA:335,1
DA:336,0
DA:337,0
DA:340,0
DA:342,0
DA:349,1
DA:351,1
DA:352,0
DA:354,0
DA:361,1
DA:362,0
DA:363,0
DA:365,0
DA:372,1
DA:377,1
DA:378,1
DA:380,1
DA:386,0
DA:387,0
DA:389,0
DA:396,0
DA:397,0
DA:405,1
DA:406,0
DA:407,0
DA:409,0
DA:410,0
DA:418,0
DA:419,0
DA:421,0
DA:428,0
DA:429,0
DA:436,0
DA:438,0
DA:439,0
DA:446,0
DA:447,0
DA:454,0
DA:464,0
DA:465,0
DA:473,1
DA:474,0
DA:475,0
DA:477,0
DA:486,0
DA:488,0
DA:497,0
DA:498,0
DA:506,1
DA:507,0
DA:508,0
DA:510,0
DA:512,0
DA:514,0
DA:520,0
DA:521,0
LF:175
LH:115
BRDA:9,0,0,1
BRDA:9,0,1,0
BRDA:11,1,0,0
BRDA:11,1,1,1
BRDA:16,2,0,0
BRDA:16,2,1,1
BRDA:31,3,0,32
BRDA:31,3,1,32
BRDA:41,4,0,15
BRDA:42,5,0,16
BRDA:42,5,1,15
BRDA:86,6,0,0
BRDA:86,6,1,2
BRDA:98,7,0,0
BRDA:98,7,1,1
BRDA:110,8,0,0
BRDA:110,8,1,1
BRDA:121,9,0,1
BRDA:124,10,0,0
BRDA:124,10,1,1
BRDA:132,11,0,3
BRDA:132,11,1,3
BRDA:141,12,0,1
BRDA:141,12,1,17
BRDA:141,13,0,18
BRDA:141,13,1,17
BRDA:141,13,2,17
BRDA:152,14,0,4
BRDA:152,14,1,13
BRDA:161,15,0,1
BRDA:161,15,1,12
BRDA:207,16,0,1
BRDA:207,16,1,6
BRDA:207,17,0,7
BRDA:207,17,1,6
BRDA:222,18,0,5
BRDA:222,18,1,1
BRDA:231,19,0,2
BRDA:231,19,1,4
BRDA:231,20,0,6
BRDA:231,20,1,5
BRDA:239,21,0,1
BRDA:239,21,1,3
BRDA:286,22,0,1
BRDA:286,22,1,1
BRDA:315,23,0,1
BRDA:315,23,1,1
BRDA:324,24,0,0
BRDA:324,24,1,1
BRDA:335,25,0,0
BRDA:335,25,1,1
BRDA:335,26,0,1
BRDA:335,26,1,1
BRDA:336,27,0,0
BRDA:336,27,1,0
BRDA:351,28,0,0
BRDA:351,28,1,1
BRDA:361,29,0,0
BRDA:361,29,1,1
BRDA:386,30,0,0
BRDA:386,30,1,0
BRDA:409,31,0,0
BRDA:409,31,1,0
BRDA:428,32,0,0
BRDA:428,32,1,0
BRDA:438,33,0,0
BRDA:438,33,1,0
BRDA:446,34,0,0
BRDA:446,34,1,0
BRF:69
BRH:46
end_of_record
TN:
SF:src/models/RefreshToken.js
FNF:0
FNH:0
DA:3,1
DA:58,1
DA:59,1
DA:60,1
DA:62,1
LF:5
LH:5
BRF:0
BRH:0
end_of_record
TN:
SF:src/models/User.js
FN:35,(anonymous_0)
FN:43,(anonymous_1)
FNF:2
FNH:2
FNDA:13,(anonymous_0)
FNDA:5,(anonymous_1)
DA:4,1
DA:35,1
DA:36,13
DA:37,0
DA:40,13
DA:43,1
DA:44,5
LF:7
LH:6
BRDA:36,0,0,0
BRDA:36,0,1,13
BRF:2
BRH:1
end_of_record
TN:
SF:src/utils/passwordValidator.js
FN:1,(anonymous_0)
FNF:1
FNH:1
FNDA:17,(anonymous_0)
DA:1,1
DA:2,17
DA:3,1
DA:6,16
DA:7,1
DA:10,15
DA:11,1
DA:14,14
DA:15,1
DA:18,13
LF:10
LH:10
BRDA:2,0,0,1
BRDA:2,0,1,16
BRDA:2,1,0,17
BRDA:2,1,1,17
BRDA:6,2,0,1
BRDA:6,2,1,15
BRDA:10,3,0,1
BRDA:10,3,1,14
BRDA:14,4,0,1
BRDA:14,4,1,13
BRF:10
BRH:10
end_of_record
